<?xml version="1.0" encoding="UTF-8"?>
<testsuites>
  <testsuite name="" tests="2" assertions="2" errors="0" warnings="0" failures="1" skipped="0" time="0.949996">
    <testsuite name="Project Test Suite" tests="2" assertions="2" errors="0" warnings="0" failures="1" skipped="0" time="0.949996">
      <testsuite name="App\Tests\JsonLoginTest" file="/srv/app/tests/JsonLoginTest.php" tests="2" assertions="2" errors="0" warnings="0" failures="1" skipped="0" time="0.949996">
        <testcase name="testGetAplikasi" class="App\Tests\JsonLoginTest" classname="App.Tests.JsonLoginTest" file="/srv/app/tests/JsonLoginTest.php" line="18" assertions="1" time="0.202273"/>
        <testcase name="testAuthentication" class="App\Tests\JsonLoginTest" classname="App.Tests.JsonLoginTest" file="/srv/app/tests/JsonLoginTest.php" line="32" assertions="1" time="0.747723">
          <failure type="PHPUnit\Framework\ExpectationFailedException">App\Tests\JsonLoginTest::testAuthentication
Failed asserting that the Response status code is 200.
HTTP/1.1 401 Unauthorized&#13;
Cache-Control:    no-cache, private&#13;
Content-Type:     application/json&#13;
Date:             Thu, 15 Jun 2023 15:40:58 GMT&#13;
Link:             &lt;http://localhost/api/docs.jsonld&gt;; rel="http://www.w3.org/ns/hydra/core#apiDocumentation"&#13;
Www-Authenticate: Bearer&#13;
X-Robots-Tag:     noindex&#13;
&#13;
{"code":401,"message":"Invalid credentials."}

/srv/app/vendor/symfony/framework-bundle/Test/BrowserKitAssertionsTrait.php:142
/srv/app/vendor/symfony/framework-bundle/Test/BrowserKitAssertionsTrait.php:38
/srv/app/tests/JsonLoginTest.php:49</failure>
        </testcase>
      </testsuite>
    </testsuite>
  </testsuite>
</testsuites>
